0 info it worked if it ends with ok
1 verbose cli [ '/usr/local/bin/node', '/usr/local/bin/npm', 'shrinkwrap' ]
2 info using npm@3.10.10
3 info using node@v6.11.2
4 info lifecycle TesisClient@1.0.0~preshrinkwrap: TesisClient@1.0.0
5 silly lifecycle TesisClient@1.0.0~preshrinkwrap: no script for preshrinkwrap, continuing
6 warn shrinkwrap Excluding devDependency: /abbrev
7 warn shrinkwrap Excluding devDependency: /accepts
8 warn shrinkwrap Excluding devDependency: /acorn
9 warn shrinkwrap Excluding devDependency: /acorn-dynamic-import
10 warn shrinkwrap Excluding devDependency: /ajv
11 warn shrinkwrap Excluding devDependency: /ajv-keywords
12 warn shrinkwrap Excluding devDependency: /align-text
13 warn shrinkwrap Excluding devDependency: /alphanum-sort
14 warn shrinkwrap Excluding devDependency: /amdefine
15 warn shrinkwrap Excluding devDependency: /ansi-html
16 warn shrinkwrap Excluding devDependency: /ansi-regex
17 warn shrinkwrap Excluding devDependency: /ansi-styles
18 warn shrinkwrap Excluding devDependency: /anymatch
19 warn shrinkwrap Excluding devDependency: /aproba
20 warn shrinkwrap Excluding devDependency: /are-we-there-yet
21 warn shrinkwrap Excluding devDependency: /argparse
22 warn shrinkwrap Excluding devDependency: /arr-diff
23 warn shrinkwrap Excluding devDependency: /arr-flatten
24 warn shrinkwrap Excluding devDependency: /array-find-index
25 warn shrinkwrap Excluding devDependency: /array-flatten
26 warn shrinkwrap Excluding devDependency: /array-unique
27 warn shrinkwrap Excluding devDependency: /asn1
28 warn shrinkwrap Excluding devDependency: /asn1.js
29 warn shrinkwrap Excluding devDependency: /assert
30 warn shrinkwrap Excluding devDependency: /assert-plus
31 warn shrinkwrap Excluding devDependency: /async
32 warn shrinkwrap Excluding devDependency: /async-each
33 warn shrinkwrap Excluding devDependency: /async-foreach
34 warn shrinkwrap Excluding devDependency: /asynckit
35 warn shrinkwrap Excluding devDependency: /autoprefixer
36 warn shrinkwrap Excluding devDependency: /aws-sign2
37 warn shrinkwrap Excluding devDependency: /aws4
38 warn shrinkwrap Excluding devDependency: /babel-cli
39 warn shrinkwrap Excluding devDependency: /babel-code-frame
40 warn shrinkwrap Excluding devDependency: /babel-core
41 warn shrinkwrap Excluding devDependency: /babel-generator
42 warn shrinkwrap Excluding devDependency: /babel-helper-bindify-decorators
43 warn shrinkwrap Excluding devDependency: /babel-helper-builder-binary-assignment-operator-visitor
44 warn shrinkwrap Excluding devDependency: /babel-helper-builder-react-jsx
45 warn shrinkwrap Excluding devDependency: /babel-helper-call-delegate
46 warn shrinkwrap Excluding devDependency: /babel-helper-define-map
47 warn shrinkwrap Excluding devDependency: /babel-helper-explode-assignable-expression
48 warn shrinkwrap Excluding devDependency: /babel-helper-explode-class
49 warn shrinkwrap Excluding devDependency: /babel-helper-function-name
50 warn shrinkwrap Excluding devDependency: /babel-helper-get-function-arity
51 warn shrinkwrap Excluding devDependency: /babel-helper-hoist-variables
52 warn shrinkwrap Excluding devDependency: /babel-helper-optimise-call-expression
53 warn shrinkwrap Excluding devDependency: /babel-helper-regex
54 warn shrinkwrap Excluding devDependency: /babel-helper-remap-async-to-generator
55 warn shrinkwrap Excluding devDependency: /babel-helper-replace-supers
56 warn shrinkwrap Excluding devDependency: /babel-helpers
57 warn shrinkwrap Excluding devDependency: /babel-loader
58 warn shrinkwrap Excluding devDependency: /babel-messages
59 warn shrinkwrap Excluding devDependency: /babel-plugin-check-es2015-constants
60 warn shrinkwrap Excluding devDependency: /babel-plugin-syntax-async-functions
61 warn shrinkwrap Excluding devDependency: /babel-plugin-syntax-async-generators
62 warn shrinkwrap Excluding devDependency: /babel-plugin-syntax-class-constructor-call
63 warn shrinkwrap Excluding devDependency: /babel-plugin-syntax-class-properties
64 warn shrinkwrap Excluding devDependency: /babel-plugin-syntax-decorators
65 warn shrinkwrap Excluding devDependency: /babel-plugin-syntax-do-expressions
66 warn shrinkwrap Excluding devDependency: /babel-plugin-syntax-dynamic-import
67 warn shrinkwrap Excluding devDependency: /babel-plugin-syntax-exponentiation-operator
68 warn shrinkwrap Excluding devDependency: /babel-plugin-syntax-export-extensions
69 warn shrinkwrap Excluding devDependency: /babel-plugin-syntax-flow
70 warn shrinkwrap Excluding devDependency: /babel-plugin-syntax-function-bind
71 warn shrinkwrap Excluding devDependency: /babel-plugin-syntax-jsx
72 warn shrinkwrap Excluding devDependency: /babel-plugin-syntax-object-rest-spread
73 warn shrinkwrap Excluding devDependency: /babel-plugin-syntax-trailing-function-commas
74 warn shrinkwrap Excluding devDependency: /babel-plugin-transform-async-generator-functions
75 warn shrinkwrap Excluding devDependency: /babel-plugin-transform-async-to-generator
76 warn shrinkwrap Excluding devDependency: /babel-plugin-transform-class-constructor-call
77 warn shrinkwrap Excluding devDependency: /babel-plugin-transform-class-properties
78 warn shrinkwrap Excluding devDependency: /babel-plugin-transform-decorators
79 warn shrinkwrap Excluding devDependency: /babel-plugin-transform-decorators-legacy
80 warn shrinkwrap Excluding devDependency: /babel-plugin-transform-do-expressions
81 warn shrinkwrap Excluding devDependency: /babel-plugin-transform-es2015-arrow-functions
82 warn shrinkwrap Excluding devDependency: /babel-plugin-transform-es2015-block-scoped-functions
83 warn shrinkwrap Excluding devDependency: /babel-plugin-transform-es2015-block-scoping
84 warn shrinkwrap Excluding devDependency: /babel-plugin-transform-es2015-classes
85 warn shrinkwrap Excluding devDependency: /babel-plugin-transform-es2015-computed-properties
86 warn shrinkwrap Excluding devDependency: /babel-plugin-transform-es2015-destructuring
87 warn shrinkwrap Excluding devDependency: /babel-plugin-transform-es2015-duplicate-keys
88 warn shrinkwrap Excluding devDependency: /babel-plugin-transform-es2015-for-of
89 warn shrinkwrap Excluding devDependency: /babel-plugin-transform-es2015-function-name
90 warn shrinkwrap Excluding devDependency: /babel-plugin-transform-es2015-literals
91 warn shrinkwrap Excluding devDependency: /babel-plugin-transform-es2015-modules-amd
92 warn shrinkwrap Excluding devDependency: /babel-plugin-transform-es2015-modules-commonjs
93 warn shrinkwrap Excluding devDependency: /babel-plugin-transform-es2015-modules-systemjs
94 warn shrinkwrap Excluding devDependency: /babel-plugin-transform-es2015-modules-umd
95 warn shrinkwrap Excluding devDependency: /babel-plugin-transform-es2015-object-super
96 warn shrinkwrap Excluding devDependency: /babel-plugin-transform-es2015-parameters
97 warn shrinkwrap Excluding devDependency: /babel-plugin-transform-es2015-shorthand-properties
98 warn shrinkwrap Excluding devDependency: /babel-plugin-transform-es2015-spread
99 warn shrinkwrap Excluding devDependency: /babel-plugin-transform-es2015-sticky-regex
100 warn shrinkwrap Excluding devDependency: /babel-plugin-transform-es2015-template-literals
101 warn shrinkwrap Excluding devDependency: /babel-plugin-transform-es2015-typeof-symbol
102 warn shrinkwrap Excluding devDependency: /babel-plugin-transform-es2015-unicode-regex
103 warn shrinkwrap Excluding devDependency: /babel-plugin-transform-exponentiation-operator
104 warn shrinkwrap Excluding devDependency: /babel-plugin-transform-export-extensions
105 warn shrinkwrap Excluding devDependency: /babel-plugin-transform-flow-strip-types
106 warn shrinkwrap Excluding devDependency: /babel-plugin-transform-function-bind
107 warn shrinkwrap Excluding devDependency: /babel-plugin-transform-object-rest-spread
108 warn shrinkwrap Excluding devDependency: /babel-plugin-transform-react-display-name
109 warn shrinkwrap Excluding devDependency: /babel-plugin-transform-react-jsx
110 warn shrinkwrap Excluding devDependency: /babel-plugin-transform-react-jsx-self
111 warn shrinkwrap Excluding devDependency: /babel-plugin-transform-react-jsx-source
112 warn shrinkwrap Excluding devDependency: /babel-plugin-transform-regenerator
113 warn shrinkwrap Excluding devDependency: /babel-plugin-transform-strict-mode
114 warn shrinkwrap Excluding devDependency: /babel-polyfill
115 warn shrinkwrap Excluding devDependency: /babel-preset-es2015
116 warn shrinkwrap Excluding devDependency: /babel-preset-flow
117 warn shrinkwrap Excluding devDependency: /babel-preset-react
118 warn shrinkwrap Excluding devDependency: /babel-preset-stage-0
119 warn shrinkwrap Excluding devDependency: /babel-preset-stage-1
120 warn shrinkwrap Excluding devDependency: /babel-preset-stage-2
121 warn shrinkwrap Excluding devDependency: /babel-preset-stage-3
122 warn shrinkwrap Excluding devDependency: /babel-register
123 warn shrinkwrap Excluding devDependency: /babel-template
124 warn shrinkwrap Excluding devDependency: /babel-traverse
125 warn shrinkwrap Excluding devDependency: /babel-types
126 warn shrinkwrap Excluding devDependency: /babylon
127 warn shrinkwrap Excluding devDependency: /balanced-match
128 warn shrinkwrap Excluding devDependency: /base64-js
129 warn shrinkwrap Excluding devDependency: /batch
130 warn shrinkwrap Excluding devDependency: /bcrypt-pbkdf
131 warn shrinkwrap Excluding devDependency: /big.js
132 warn shrinkwrap Excluding devDependency: /binary-extensions
133 warn shrinkwrap Excluding devDependency: /block-stream
134 warn shrinkwrap Excluding devDependency: /bn.js
135 warn shrinkwrap Excluding devDependency: /body-parser
136 warn shrinkwrap Excluding devDependency: /boom
137 warn shrinkwrap Excluding devDependency: /brace-expansion
138 warn shrinkwrap Excluding devDependency: /braces
139 warn shrinkwrap Excluding devDependency: /brorand
140 warn shrinkwrap Excluding devDependency: /browserify-aes
141 warn shrinkwrap Excluding devDependency: /browserify-cipher
142 warn shrinkwrap Excluding devDependency: /browserify-des
143 warn shrinkwrap Excluding devDependency: /browserify-rsa
144 warn shrinkwrap Excluding devDependency: /browserify-sign
145 warn shrinkwrap Excluding devDependency: /browserify-zlib
146 warn shrinkwrap Excluding devDependency: /browserslist
147 warn shrinkwrap Excluding devDependency: /buffer
148 warn shrinkwrap Excluding devDependency: /buffer-xor
149 warn shrinkwrap Excluding devDependency: /builtin-modules
150 warn shrinkwrap Excluding devDependency: /builtin-status-codes
151 warn shrinkwrap Excluding devDependency: /bytes
152 warn shrinkwrap Excluding devDependency: /camelcase
153 warn shrinkwrap Excluding devDependency: /camelcase-keys
154 warn shrinkwrap Excluding devDependency: /caniuse-api
155 warn shrinkwrap Excluding devDependency: /caniuse-db
156 warn shrinkwrap Excluding devDependency: /caseless
157 warn shrinkwrap Excluding devDependency: /center-align
158 warn shrinkwrap Excluding devDependency: /chalk
159 warn shrinkwrap Excluding devDependency: /chokidar
160 warn shrinkwrap Excluding devDependency: /cipher-base
161 warn shrinkwrap Excluding devDependency: /clap
162 warn shrinkwrap Excluding devDependency: /cliui
163 warn shrinkwrap Excluding devDependency: /clone
164 warn shrinkwrap Excluding devDependency: /clone-deep
165 warn shrinkwrap Excluding devDependency: /co
166 warn shrinkwrap Excluding devDependency: /coa
167 warn shrinkwrap Excluding devDependency: /code-point-at
168 warn shrinkwrap Excluding devDependency: /color
169 warn shrinkwrap Excluding devDependency: /color-convert
170 warn shrinkwrap Excluding devDependency: /color-name
171 warn shrinkwrap Excluding devDependency: /color-string
172 warn shrinkwrap Excluding devDependency: /colormin
173 warn shrinkwrap Excluding devDependency: /colors
174 warn shrinkwrap Excluding devDependency: /combined-stream
175 warn shrinkwrap Excluding devDependency: /commander
176 warn shrinkwrap Excluding devDependency: /commondir
177 warn shrinkwrap Excluding devDependency: /compressible
178 warn shrinkwrap Excluding devDependency: /compression
179 warn shrinkwrap Excluding devDependency: /concat-map
180 warn shrinkwrap Excluding devDependency: /connect-history-api-fallback
181 warn shrinkwrap Excluding devDependency: /console-browserify
182 warn shrinkwrap Excluding devDependency: /console-control-strings
183 warn shrinkwrap Excluding devDependency: /constants-browserify
184 warn shrinkwrap Excluding devDependency: /content-disposition
185 warn shrinkwrap Excluding devDependency: /content-type
186 warn shrinkwrap Excluding devDependency: /convert-source-map
187 warn shrinkwrap Excluding devDependency: /cookie
188 warn shrinkwrap Excluding devDependency: /cookie-signature
189 warn shrinkwrap Excluding devDependency: /core-util-is
190 warn shrinkwrap Excluding devDependency: /cosmiconfig
191 warn shrinkwrap Excluding devDependency: /create-ecdh
192 warn shrinkwrap Excluding devDependency: /create-hash
193 warn shrinkwrap Excluding devDependency: /create-hmac
194 warn shrinkwrap Excluding devDependency: /cross-spawn
195 warn shrinkwrap Excluding devDependency: /cryptiles
196 warn shrinkwrap Excluding devDependency: /crypto-browserify
197 warn shrinkwrap Excluding devDependency: /css-color-names
198 warn shrinkwrap Excluding devDependency: /css-loader
199 warn shrinkwrap Excluding devDependency: /css-selector-tokenizer
200 warn shrinkwrap Excluding devDependency: /cssesc
201 warn shrinkwrap Excluding devDependency: /cssnano
202 warn shrinkwrap Excluding devDependency: /csso
203 warn shrinkwrap Excluding devDependency: /currently-unhandled
204 warn shrinkwrap Excluding devDependency: /dashdash
205 warn shrinkwrap Excluding devDependency: /date-now
206 warn shrinkwrap Excluding devDependency: /debug
207 warn shrinkwrap Excluding devDependency: /decamelize
208 warn shrinkwrap Excluding devDependency: /defined
209 warn shrinkwrap Excluding devDependency: /delayed-stream
210 warn shrinkwrap Excluding devDependency: /delegates
211 warn shrinkwrap Excluding devDependency: /depd
212 warn shrinkwrap Excluding devDependency: /des.js
213 warn shrinkwrap Excluding devDependency: /destroy
214 warn shrinkwrap Excluding devDependency: /detect-indent
215 warn shrinkwrap Excluding devDependency: /detect-node
216 warn shrinkwrap Excluding devDependency: /diffie-hellman
217 warn shrinkwrap Excluding devDependency: /domain-browser
218 warn shrinkwrap Excluding devDependency: /ecc-jsbn
219 warn shrinkwrap Excluding devDependency: /ee-first
220 warn shrinkwrap Excluding devDependency: /electron-to-chromium
221 warn shrinkwrap Excluding devDependency: /elliptic
222 warn shrinkwrap Excluding devDependency: /emojis-list
223 warn shrinkwrap Excluding devDependency: /encodeurl
224 warn shrinkwrap Excluding devDependency: /enhanced-resolve
225 warn shrinkwrap Excluding devDependency: /errno
226 warn shrinkwrap Excluding devDependency: /error-ex
227 warn shrinkwrap Excluding devDependency: /escape-html
228 warn shrinkwrap Excluding devDependency: /escape-string-regexp
229 warn shrinkwrap Excluding devDependency: /esprima
230 warn shrinkwrap Excluding devDependency: /esutils
231 warn shrinkwrap Excluding devDependency: /etag
232 warn shrinkwrap Excluding devDependency: /events
233 warn shrinkwrap Excluding devDependency: /eventsource
234 warn shrinkwrap Excluding devDependency: /evp_bytestokey
235 warn shrinkwrap Excluding devDependency: /expand-brackets
236 warn shrinkwrap Excluding devDependency: /expand-range
237 warn shrinkwrap Excluding devDependency: /express
238 warn shrinkwrap Excluding devDependency: /extend
239 warn shrinkwrap Excluding devDependency: /extglob
240 warn shrinkwrap Excluding devDependency: /extsprintf
241 warn shrinkwrap Excluding devDependency: /fast-deep-equal
242 warn shrinkwrap Excluding devDependency: /fast-json-stable-stringify
243 warn shrinkwrap Excluding devDependency: /fastparse
244 warn shrinkwrap Excluding devDependency: /faye-websocket
245 warn shrinkwrap Excluding devDependency: /file-loader
246 warn shrinkwrap Excluding devDependency: /filename-regex
247 warn shrinkwrap Excluding devDependency: /fill-range
248 warn shrinkwrap Excluding devDependency: /finalhandler
249 warn shrinkwrap Excluding devDependency: /find-cache-dir
250 warn shrinkwrap Excluding devDependency: /find-up
251 warn shrinkwrap Excluding devDependency: /flatten
252 warn shrinkwrap Excluding devDependency: /for-in
253 warn shrinkwrap Excluding devDependency: /for-own
254 warn shrinkwrap Excluding devDependency: /forever-agent
255 warn shrinkwrap Excluding devDependency: /form-data
256 warn shrinkwrap Excluding devDependency: /forwarded
257 warn shrinkwrap Excluding devDependency: /fresh
258 warn shrinkwrap Excluding devDependency: /fs-readdir-recursive
259 warn shrinkwrap Excluding devDependency: /fs.realpath
260 warn shrinkwrap Excluding devDependency: /fstream
261 warn shrinkwrap Excluding devDependency: /function-bind
262 warn shrinkwrap Excluding devDependency: /gauge
263 warn shrinkwrap Excluding devDependency: /gaze
264 warn shrinkwrap Excluding devDependency: /get-caller-file
265 warn shrinkwrap Excluding devDependency: /get-stdin
266 warn shrinkwrap Excluding devDependency: /getpass
267 warn shrinkwrap Excluding devDependency: /glob
268 warn shrinkwrap Excluding devDependency: /glob-base
269 warn shrinkwrap Excluding devDependency: /glob-parent
270 warn shrinkwrap Excluding devDependency: /globals
271 warn shrinkwrap Excluding devDependency: /globule
272 warn shrinkwrap Excluding devDependency: /graceful-fs
273 warn shrinkwrap Excluding devDependency: /graphql-tag
274 warn shrinkwrap Excluding devDependency: /handle-thing
275 warn shrinkwrap Excluding devDependency: /har-schema
276 warn shrinkwrap Excluding devDependency: /har-validator
277 warn shrinkwrap Excluding devDependency: /has
278 warn shrinkwrap Excluding devDependency: /has-ansi
279 warn shrinkwrap Excluding devDependency: /has-flag
280 warn shrinkwrap Excluding devDependency: /has-unicode
281 warn shrinkwrap Excluding devDependency: /hash-base
282 warn shrinkwrap Excluding devDependency: /hash.js
283 warn shrinkwrap Excluding devDependency: /hawk
284 warn shrinkwrap Excluding devDependency: /hmac-drbg
285 warn shrinkwrap Excluding devDependency: /hoek
286 warn shrinkwrap Excluding devDependency: /home-or-tmp
287 warn shrinkwrap Excluding devDependency: /hosted-git-info
288 warn shrinkwrap Excluding devDependency: /hpack.js
289 warn shrinkwrap Excluding devDependency: /html-comment-regex
290 warn shrinkwrap Excluding devDependency: /html-entities
291 warn shrinkwrap Excluding devDependency: /http-deceiver
292 warn shrinkwrap Excluding devDependency: /http-errors
293 warn shrinkwrap Excluding devDependency: /http-parser-js
294 warn shrinkwrap Excluding devDependency: /http-proxy
295 warn shrinkwrap Excluding devDependency: /http-proxy-middleware
296 warn shrinkwrap Excluding devDependency: /http-signature
297 warn shrinkwrap Excluding devDependency: /https-browserify
298 warn shrinkwrap Excluding devDependency: /icss-replace-symbols
299 warn shrinkwrap Excluding devDependency: /icss-utils
300 warn shrinkwrap Excluding devDependency: /ieee754
301 warn shrinkwrap Excluding devDependency: /ignore-loader
302 warn shrinkwrap Excluding devDependency: /in-publish
303 warn shrinkwrap Excluding devDependency: /indent-string
304 warn shrinkwrap Excluding devDependency: /indexes-of
305 warn shrinkwrap Excluding devDependency: /indexof
306 warn shrinkwrap Excluding devDependency: /inflight
307 warn shrinkwrap Excluding devDependency: /inherits
308 warn shrinkwrap Excluding devDependency: /interpret
309 warn shrinkwrap Excluding devDependency: /invert-kv
310 warn shrinkwrap Excluding devDependency: /ipaddr.js
311 warn shrinkwrap Excluding devDependency: /is-absolute-url
312 warn shrinkwrap Excluding devDependency: /is-arrayish
313 warn shrinkwrap Excluding devDependency: /is-binary-path
314 warn shrinkwrap Excluding devDependency: /is-buffer
315 warn shrinkwrap Excluding devDependency: /is-builtin-module
316 warn shrinkwrap Excluding devDependency: /is-directory
317 warn shrinkwrap Excluding devDependency: /is-dotfile
318 warn shrinkwrap Excluding devDependency: /is-equal-shallow
319 warn shrinkwrap Excluding devDependency: /is-extendable
320 warn shrinkwrap Excluding devDependency: /is-extglob
321 warn shrinkwrap Excluding devDependency: /is-finite
322 warn shrinkwrap Excluding devDependency: /is-fullwidth-code-point
323 warn shrinkwrap Excluding devDependency: /is-glob
324 warn shrinkwrap Excluding devDependency: /is-number
325 warn shrinkwrap Excluding devDependency: /is-plain-obj
326 warn shrinkwrap Excluding devDependency: /is-plain-object
327 warn shrinkwrap Excluding devDependency: /is-posix-bracket
328 warn shrinkwrap Excluding devDependency: /is-primitive
329 warn shrinkwrap Excluding devDependency: /is-svg
330 warn shrinkwrap Excluding devDependency: /is-typedarray
331 warn shrinkwrap Excluding devDependency: /is-utf8
332 warn shrinkwrap Excluding devDependency: /isarray
333 warn shrinkwrap Excluding devDependency: /isexe
334 warn shrinkwrap Excluding devDependency: /isobject
335 warn shrinkwrap Excluding devDependency: /isstream
336 warn shrinkwrap Excluding devDependency: /js-base64
337 warn shrinkwrap Excluding devDependency: /js-yaml
338 warn shrinkwrap Excluding devDependency: /jsbn
339 warn shrinkwrap Excluding devDependency: /jsesc
340 warn shrinkwrap Excluding devDependency: /json-loader
341 warn shrinkwrap Excluding devDependency: /json-schema
342 warn shrinkwrap Excluding devDependency: /json-schema-traverse
343 warn shrinkwrap Excluding devDependency: /json-stable-stringify
344 warn shrinkwrap Excluding devDependency: /json-stringify-safe
345 warn shrinkwrap Excluding devDependency: /json3
346 warn shrinkwrap Excluding devDependency: /json5
347 warn shrinkwrap Excluding devDependency: /jsonify
348 warn shrinkwrap Excluding devDependency: /jsprim
349 warn shrinkwrap Excluding devDependency: /kind-of
350 warn shrinkwrap Excluding devDependency: /lazy-cache
351 warn shrinkwrap Excluding devDependency: /lcid
352 warn shrinkwrap Excluding devDependency: /load-json-file
353 warn shrinkwrap Excluding devDependency: /loader-runner
354 warn shrinkwrap Excluding devDependency: /loader-utils
355 warn shrinkwrap Excluding devDependency: /lodash.camelcase
356 warn shrinkwrap Excluding devDependency: /lodash.clonedeep
357 warn shrinkwrap Excluding devDependency: /lodash.memoize
358 warn shrinkwrap Excluding devDependency: /lodash.mergewith
359 warn shrinkwrap Excluding devDependency: /lodash.tail
360 warn shrinkwrap Excluding devDependency: /lodash.uniq
361 warn shrinkwrap Excluding devDependency: /longest
362 warn shrinkwrap Excluding devDependency: /loud-rejection
363 warn shrinkwrap Excluding devDependency: /lru-cache
364 warn shrinkwrap Excluding devDependency: /macaddress
365 warn shrinkwrap Excluding devDependency: /map-obj
366 warn shrinkwrap Excluding devDependency: /math-expression-evaluator
367 warn shrinkwrap Excluding devDependency: /md5.js
368 warn shrinkwrap Excluding devDependency: /media-typer
369 warn shrinkwrap Excluding devDependency: /memory-fs
370 warn shrinkwrap Excluding devDependency: /meow
371 warn shrinkwrap Excluding devDependency: /merge-descriptors
372 warn shrinkwrap Excluding devDependency: /methods
373 warn shrinkwrap Excluding devDependency: /micromatch
374 warn shrinkwrap Excluding devDependency: /miller-rabin
375 warn shrinkwrap Excluding devDependency: /mime
376 warn shrinkwrap Excluding devDependency: /mime-db
377 warn shrinkwrap Excluding devDependency: /mime-types
378 warn shrinkwrap Excluding devDependency: /minimalistic-assert
379 warn shrinkwrap Excluding devDependency: /minimalistic-crypto-utils
380 warn shrinkwrap Excluding devDependency: /minimatch
381 warn shrinkwrap Excluding devDependency: /minimist
382 warn shrinkwrap Excluding devDependency: /mixin-object
383 warn shrinkwrap Excluding devDependency: /mkdirp
384 warn shrinkwrap Excluding devDependency: /ms
385 warn shrinkwrap Excluding devDependency: /nan
386 warn shrinkwrap Excluding devDependency: /negotiator
387 warn shrinkwrap Excluding devDependency: /node-gyp
388 warn shrinkwrap Excluding devDependency: /node-libs-browser
389 warn shrinkwrap Excluding devDependency: /node-sass
390 warn shrinkwrap Excluding devDependency: /nopt
391 warn shrinkwrap Excluding devDependency: /normalize-package-data
392 warn shrinkwrap Excluding devDependency: /normalize-path
393 warn shrinkwrap Excluding devDependency: /normalize-range
394 warn shrinkwrap Excluding devDependency: /normalize-url
395 warn shrinkwrap Excluding devDependency: /npmlog
396 warn shrinkwrap Excluding devDependency: /num2fraction
397 warn shrinkwrap Excluding devDependency: /number-is-nan
398 warn shrinkwrap Excluding devDependency: /oauth-sign
399 warn shrinkwrap Excluding devDependency: /object.omit
400 warn shrinkwrap Excluding devDependency: /obuf
401 warn shrinkwrap Excluding devDependency: /on-finished
402 warn shrinkwrap Excluding devDependency: /on-headers
403 warn shrinkwrap Excluding devDependency: /once
404 warn shrinkwrap Excluding devDependency: /opn
405 warn shrinkwrap Excluding devDependency: /original
406 warn shrinkwrap Excluding devDependency: /os-browserify
407 warn shrinkwrap Excluding devDependency: /os-homedir
408 warn shrinkwrap Excluding devDependency: /os-locale
409 warn shrinkwrap Excluding devDependency: /os-tmpdir
410 warn shrinkwrap Excluding devDependency: /osenv
411 warn shrinkwrap Excluding devDependency: /output-file-sync
412 warn shrinkwrap Excluding devDependency: /pako
413 warn shrinkwrap Excluding devDependency: /parse-asn1
414 warn shrinkwrap Excluding devDependency: /parse-glob
415 warn shrinkwrap Excluding devDependency: /parse-json
416 warn shrinkwrap Excluding devDependency: /parseurl
417 warn shrinkwrap Excluding devDependency: /path-browserify
418 warn shrinkwrap Excluding devDependency: /path-exists
419 warn shrinkwrap Excluding devDependency: /path-is-absolute
420 warn shrinkwrap Excluding devDependency: /path-to-regexp
421 warn shrinkwrap Excluding devDependency: /path-type
422 warn shrinkwrap Excluding devDependency: /pbkdf2
423 warn shrinkwrap Excluding devDependency: /performance-now
424 warn shrinkwrap Excluding devDependency: /pify
425 warn shrinkwrap Excluding devDependency: /pinkie
426 warn shrinkwrap Excluding devDependency: /pinkie-promise
427 warn shrinkwrap Excluding devDependency: /pkg-dir
428 warn shrinkwrap Excluding devDependency: /portfinder
429 warn shrinkwrap Excluding devDependency: /postcss
430 warn shrinkwrap Excluding devDependency: /postcss-calc
431 warn shrinkwrap Excluding devDependency: /postcss-colormin
432 warn shrinkwrap Excluding devDependency: /postcss-convert-values
433 warn shrinkwrap Excluding devDependency: /postcss-discard-comments
434 warn shrinkwrap Excluding devDependency: /postcss-discard-duplicates
435 warn shrinkwrap Excluding devDependency: /postcss-discard-empty
436 warn shrinkwrap Excluding devDependency: /postcss-discard-overridden
437 warn shrinkwrap Excluding devDependency: /postcss-discard-unused
438 warn shrinkwrap Excluding devDependency: /postcss-filter-plugins
439 warn shrinkwrap Excluding devDependency: /postcss-load-config
440 warn shrinkwrap Excluding devDependency: /postcss-load-options
441 warn shrinkwrap Excluding devDependency: /postcss-load-plugins
442 warn shrinkwrap Excluding devDependency: /postcss-loader
443 warn shrinkwrap Excluding devDependency: /postcss-merge-idents
444 warn shrinkwrap Excluding devDependency: /postcss-merge-longhand
445 warn shrinkwrap Excluding devDependency: /postcss-merge-rules
446 warn shrinkwrap Excluding devDependency: /postcss-message-helpers
447 warn shrinkwrap Excluding devDependency: /postcss-minify-font-values
448 warn shrinkwrap Excluding devDependency: /postcss-minify-gradients
449 warn shrinkwrap Excluding devDependency: /postcss-minify-params
450 warn shrinkwrap Excluding devDependency: /postcss-minify-selectors
451 warn shrinkwrap Excluding devDependency: /postcss-modules-extract-imports
452 warn shrinkwrap Excluding devDependency: /postcss-modules-local-by-default
453 warn shrinkwrap Excluding devDependency: /postcss-modules-scope
454 warn shrinkwrap Excluding devDependency: /postcss-modules-values
455 warn shrinkwrap Excluding devDependency: /postcss-normalize-charset
456 warn shrinkwrap Excluding devDependency: /postcss-normalize-url
457 warn shrinkwrap Excluding devDependency: /postcss-ordered-values
458 warn shrinkwrap Excluding devDependency: /postcss-reduce-idents
459 warn shrinkwrap Excluding devDependency: /postcss-reduce-initial
460 warn shrinkwrap Excluding devDependency: /postcss-reduce-transforms
461 warn shrinkwrap Excluding devDependency: /postcss-selector-parser
462 warn shrinkwrap Excluding devDependency: /postcss-svgo
463 warn shrinkwrap Excluding devDependency: /postcss-unique-selectors
464 warn shrinkwrap Excluding devDependency: /postcss-value-parser
465 warn shrinkwrap Excluding devDependency: /postcss-zindex
466 warn shrinkwrap Excluding devDependency: /prepend-http
467 warn shrinkwrap Excluding devDependency: /preserve
468 warn shrinkwrap Excluding devDependency: /private
469 warn shrinkwrap Excluding devDependency: /process
470 warn shrinkwrap Excluding devDependency: /process-nextick-args
471 warn shrinkwrap Excluding devDependency: /proxy-addr
472 warn shrinkwrap Excluding devDependency: /prr
473 warn shrinkwrap Excluding devDependency: /pseudomap
474 warn shrinkwrap Excluding devDependency: /public-encrypt
475 warn shrinkwrap Excluding devDependency: /punycode
476 warn shrinkwrap Excluding devDependency: /q
477 warn shrinkwrap Excluding devDependency: /qs
478 warn shrinkwrap Excluding devDependency: /querystring
479 warn shrinkwrap Excluding devDependency: /querystring-es3
480 warn shrinkwrap Excluding devDependency: /querystringify
481 warn shrinkwrap Excluding devDependency: /randomatic
482 warn shrinkwrap Excluding devDependency: /randombytes
483 warn shrinkwrap Excluding devDependency: /randomfill
484 warn shrinkwrap Excluding devDependency: /range-parser
485 warn shrinkwrap Excluding devDependency: /raw-body
486 warn shrinkwrap Excluding devDependency: /read-pkg
487 warn shrinkwrap Excluding devDependency: /read-pkg-up
488 warn shrinkwrap Excluding devDependency: /readable-stream
489 warn shrinkwrap Excluding devDependency: /readdirp
490 warn shrinkwrap Excluding devDependency: /redent
491 warn shrinkwrap Excluding devDependency: /reduce-css-calc
492 warn shrinkwrap Excluding devDependency: /reduce-function-call
493 warn shrinkwrap Excluding devDependency: /regenerate
494 warn shrinkwrap Excluding devDependency: /regenerator-transform
495 warn shrinkwrap Excluding devDependency: /regex-cache
496 warn shrinkwrap Excluding devDependency: /regexpu-core
497 warn shrinkwrap Excluding devDependency: /regjsgen
498 warn shrinkwrap Excluding devDependency: /regjsparser
499 warn shrinkwrap Excluding devDependency: /remove-trailing-separator
500 warn shrinkwrap Excluding devDependency: /repeat-element
501 warn shrinkwrap Excluding devDependency: /repeat-string
502 warn shrinkwrap Excluding devDependency: /repeating
503 warn shrinkwrap Excluding devDependency: /request
504 warn shrinkwrap Excluding devDependency: /require-directory
505 warn shrinkwrap Excluding devDependency: /require-from-string
506 warn shrinkwrap Excluding devDependency: /require-main-filename
507 warn shrinkwrap Excluding devDependency: /requires-port
508 warn shrinkwrap Excluding devDependency: /right-align
509 warn shrinkwrap Excluding devDependency: /rimraf
510 warn shrinkwrap Excluding devDependency: /ripemd160
511 warn shrinkwrap Excluding devDependency: /sass-graph
512 warn shrinkwrap Excluding devDependency: /sass-loader
513 warn shrinkwrap Excluding devDependency: /sax
514 warn shrinkwrap Excluding devDependency: /schema-utils
515 warn shrinkwrap Excluding devDependency: /scss-tokenizer
516 warn shrinkwrap Excluding devDependency: /select-hose
517 warn shrinkwrap Excluding devDependency: /semver
518 warn shrinkwrap Excluding devDependency: /send
519 warn shrinkwrap Excluding devDependency: /serve-index
520 warn shrinkwrap Excluding devDependency: /serve-static
521 warn shrinkwrap Excluding devDependency: /set-blocking
522 warn shrinkwrap Excluding devDependency: /set-immediate-shim
523 warn shrinkwrap Excluding devDependency: /setprototypeof
524 warn shrinkwrap Excluding devDependency: /sha.js
525 warn shrinkwrap Excluding devDependency: /shallow-clone
526 warn shrinkwrap Excluding devDependency: /signal-exit
527 warn shrinkwrap Excluding devDependency: /slash
528 warn shrinkwrap Excluding devDependency: /sntp
529 warn shrinkwrap Excluding devDependency: /sockjs
530 warn shrinkwrap Excluding devDependency: /sockjs-client
531 warn shrinkwrap Excluding devDependency: /sort-keys
532 warn shrinkwrap Excluding devDependency: /source-list-map
533 warn shrinkwrap Excluding devDependency: /source-map
534 warn shrinkwrap Excluding devDependency: /source-map-support
535 warn shrinkwrap Excluding devDependency: /spdx-correct
536 warn shrinkwrap Excluding devDependency: /spdx-expression-parse
537 warn shrinkwrap Excluding devDependency: /spdx-license-ids
538 warn shrinkwrap Excluding devDependency: /spdy
539 warn shrinkwrap Excluding devDependency: /spdy-transport
540 warn shrinkwrap Excluding devDependency: /sprintf-js
541 warn shrinkwrap Excluding devDependency: /sshpk
542 warn shrinkwrap Excluding devDependency: /statuses
543 warn shrinkwrap Excluding devDependency: /stdout-stream
544 warn shrinkwrap Excluding devDependency: /stream-browserify
545 warn shrinkwrap Excluding devDependency: /stream-http
546 warn shrinkwrap Excluding devDependency: /string_decoder
547 warn shrinkwrap Excluding devDependency: /string-width
548 warn shrinkwrap Excluding devDependency: /stringstream
549 warn shrinkwrap Excluding devDependency: /strip-ansi
550 warn shrinkwrap Excluding devDependency: /strip-bom
551 warn shrinkwrap Excluding devDependency: /strip-indent
552 warn shrinkwrap Excluding devDependency: /style-loader
553 warn shrinkwrap Excluding devDependency: /supports-color
554 warn shrinkwrap Excluding devDependency: /svgo
555 warn shrinkwrap Excluding devDependency: /tapable
556 warn shrinkwrap Excluding devDependency: /tar
557 warn shrinkwrap Excluding devDependency: /time-stamp
558 warn shrinkwrap Excluding devDependency: /timers-browserify
559 warn shrinkwrap Excluding devDependency: /to-arraybuffer
560 warn shrinkwrap Excluding devDependency: /to-fast-properties
561 warn shrinkwrap Excluding devDependency: /tough-cookie
562 warn shrinkwrap Excluding devDependency: /trim-newlines
563 warn shrinkwrap Excluding devDependency: /trim-right
564 warn shrinkwrap Excluding devDependency: /tty-browserify
565 warn shrinkwrap Excluding devDependency: /tunnel-agent
566 warn shrinkwrap Excluding devDependency: /tweetnacl
567 warn shrinkwrap Excluding devDependency: /type-is
568 warn shrinkwrap Excluding devDependency: /uglify-js
569 warn shrinkwrap Excluding devDependency: /uglify-to-browserify
570 warn shrinkwrap Excluding devDependency: /uniq
571 warn shrinkwrap Excluding devDependency: /uniqid
572 warn shrinkwrap Excluding devDependency: /uniqs
573 warn shrinkwrap Excluding devDependency: /unpipe
574 warn shrinkwrap Excluding devDependency: /url
575 warn shrinkwrap Excluding devDependency: /url-parse
576 warn shrinkwrap Excluding devDependency: /user-home
577 warn shrinkwrap Excluding devDependency: /util
578 warn shrinkwrap Excluding devDependency: /util-deprecate
579 warn shrinkwrap Excluding devDependency: /utils-merge
580 warn shrinkwrap Excluding devDependency: /uuid
581 warn shrinkwrap Excluding devDependency: /v8flags
582 warn shrinkwrap Excluding devDependency: /validate-npm-package-license
583 warn shrinkwrap Excluding devDependency: /vary
584 warn shrinkwrap Excluding devDependency: /vendors
585 warn shrinkwrap Excluding devDependency: /verror
586 warn shrinkwrap Excluding devDependency: /vm-browserify
587 warn shrinkwrap Excluding devDependency: /watchpack
588 warn shrinkwrap Excluding devDependency: /wbuf
589 warn shrinkwrap Excluding devDependency: /webpack
590 warn shrinkwrap Excluding devDependency: /webpack-dev-middleware
591 warn shrinkwrap Excluding devDependency: /webpack-dev-server
592 warn shrinkwrap Excluding devDependency: /webpack-sources
593 warn shrinkwrap Excluding devDependency: /websocket-driver
594 warn shrinkwrap Excluding devDependency: /websocket-extensions
595 warn shrinkwrap Excluding devDependency: /whet.extend
596 warn shrinkwrap Excluding devDependency: /which
597 warn shrinkwrap Excluding devDependency: /which-module
598 warn shrinkwrap Excluding devDependency: /wide-align
599 warn shrinkwrap Excluding devDependency: /window-size
600 warn shrinkwrap Excluding devDependency: /wordwrap
601 warn shrinkwrap Excluding devDependency: /wrap-ansi
602 warn shrinkwrap Excluding devDependency: /wrappy
603 warn shrinkwrap Excluding devDependency: /xtend
604 warn shrinkwrap Excluding devDependency: /y18n
605 warn shrinkwrap Excluding devDependency: /yallist
606 warn shrinkwrap Excluding devDependency: /yargs
607 warn shrinkwrap Excluding devDependency: /yargs-parser
608 info lifecycle TesisClient@1.0.0~shrinkwrap: TesisClient@1.0.0
609 silly lifecycle TesisClient@1.0.0~shrinkwrap: no script for shrinkwrap, continuing
610 verbose stack Error: Problems were encountered
610 verbose stack Please correct and try again.
610 verbose stack peer invalid: graphql@^0.6.0 || ^0.7.0 || ^0.8.0-b || ^0.8.0 || ^0.9.0 || ^0.10.0, required by codemirror-graphql@0.6.11
610 verbose stack peer invalid: react@^15.6.0 || ^16.0.0, required by graphiql@0.11.10
610 verbose stack peer invalid: react-dom@^15.6.0 || ^16.0.0, required by graphiql@0.11.10
610 verbose stack     at shrinkwrap_ (/usr/local/lib/node_modules/npm/lib/shrinkwrap.js:128:15)
610 verbose stack     at Array.<anonymous> (/usr/local/lib/node_modules/npm/node_modules/slide/lib/bind-actor.js:15:8)
610 verbose stack     at LOOP (/usr/local/lib/node_modules/npm/node_modules/slide/lib/chain.js:15:14)
610 verbose stack     at /usr/local/lib/node_modules/npm/node_modules/slide/lib/chain.js:18:7
610 verbose stack     at done (/usr/local/lib/node_modules/npm/lib/utils/lifecycle.js:132:5)
610 verbose stack     at LOOP (/usr/local/lib/node_modules/npm/node_modules/slide/lib/chain.js:7:26)
610 verbose stack     at /usr/local/lib/node_modules/npm/node_modules/slide/lib/chain.js:18:7
610 verbose stack     at /usr/local/lib/node_modules/npm/lib/utils/lifecycle.js:294:20
610 verbose stack     at /usr/local/lib/node_modules/npm/node_modules/graceful-fs/polyfills.js:264:29
610 verbose stack     at FSReqWrap.oncomplete (fs.js:123:15)
611 verbose cwd /home/xpectra/Documentos/TG/project/client
612 error Linux 4.10.0-38-generic
613 error argv "/usr/local/bin/node" "/usr/local/bin/npm" "shrinkwrap"
614 error node v6.11.2
615 error npm  v3.10.10
616 error Problems were encountered
616 error Please correct and try again.
616 error peer invalid: graphql@^0.6.0 || ^0.7.0 || ^0.8.0-b || ^0.8.0 || ^0.9.0 || ^0.10.0, required by codemirror-graphql@0.6.11
616 error peer invalid: react@^15.6.0 || ^16.0.0, required by graphiql@0.11.10
616 error peer invalid: react-dom@^15.6.0 || ^16.0.0, required by graphiql@0.11.10
617 error If you need help, you may report this error at:
617 error     <https://github.com/npm/npm/issues>
618 verbose exit [ 1, true ]
